<?xml version="1.0" encoding="UTF-8" ?>
<testsuite tests="0" failures="0" name="lhuitest.Test" time="0" errors="0" skipped="0">
  <properties>
    <property name="java.runtime.name" value="OpenJDK Runtime Environment"/>
    <property name="sun.boot.library.path" value="C:\Users\chenyihang\.jdks\liberica-1.8.0_345\jre\bin"/>
    <property name="java.vm.version" value="25.345-b01"/>
    <property name="java.vm.vendor" value="BellSoft"/>
    <property name="maven.multiModuleProjectDirectory" value="D:\cyh\software\data\ideaData\lhswing"/>
    <property name="java.vendor.url" value="https://bell-sw.com/"/>
    <property name="path.separator" value=";"/>
    <property name="guice.disable.misplaced.annotation.check" value="true"/>
    <property name="java.vm.name" value="OpenJDK 64-Bit Server VM"/>
    <property name="file.encoding.pkg" value="sun.io"/>
    <property name="user.script" value=""/>
    <property name="user.country" value="CN"/>
    <property name="sun.java.launcher" value="SUN_STANDARD"/>
    <property name="sun.os.patch.level" value=""/>
    <property name="java.vm.specification.name" value="Java Virtual Machine Specification"/>
    <property name="user.dir" value="D:\cyh\software\data\ideaData\lhswing"/>
    <property name="java.runtime.version" value="1.8.0_345-b01"/>
    <property name="java.awt.graphicsenv" value="sun.awt.Win32GraphicsEnvironment"/>
    <property name="java.endorsed.dirs" value="C:\Users\chenyihang\.jdks\liberica-1.8.0_345\jre\lib\endorsed"/>
    <property name="os.arch" value="amd64"/>
    <property name="java.io.tmpdir" value="C:\Users\CHENYI~1\AppData\Local\Temp\"/>
    <property name="line.separator" value="
"/>
    <property name="java.vm.specification.vendor" value="Oracle Corporation"/>
    <property name="user.variant" value=""/>
    <property name="os.name" value="Windows 10"/>
    <property name="idea.version2020.1" value="true"/>
    <property name="maven.ext.class.path" value="D:\cyh\software\install_location\IntelliJ IDEA 2020.1\plugins\maven\lib\maven-event-listener.jar"/>
    <property name="classworlds.conf" value="D:\cyh\software\install_location\javaEE\apache-maven-3.8.4\bin\m2.conf"/>
    <property name="sun.jnu.encoding" value="GBK"/>
    <property name="java.library.path" value="C:\Users\chenyihang\.jdks\liberica-1.8.0_345\bin;C:\WINDOWS\Sun\Java\bin;C:\WINDOWS\system32;C:\WINDOWS;C:\WINDOWS\system32;C:\WINDOWS;C:\WINDOWS\System32\Wbem;C:\WINDOWS\System32\WindowsPowerShell\v1.0\;C:\WINDOWS\System32\OpenSSH\;C:\Program Files (x86)\Microsoft SQL Server\100\Tools\Binn\;C:\Program Files\Microsoft SQL Server\100\Tools\Binn\;C:\Program Files\Microsoft SQL Server\100\DTS\Binn\;C:\Program Files\Microsoft SQL Server\Client SDK\ODBC\110\Tools\Binn\;C:\Program Files\dotnet\;C:\Program Files\Microsoft SQL Server\Client SDK\ODBC\170\Tools\Binn\;C:\Program Files (x86)\dotnet\;D:\cyh\software\install_location\rational\common;D:\cyh\software\install_location\java\bin;D:\cyh\software\install_location\java\jre\bin;C:\Program Files\Common Files\Oracle\Java\javapath;D:\cyh\software\install_location\javaEE\apache-maven-3.8.4\bin;D:\cyh\software\install_location\Git\cmd;D:\cyh\software\install_location\nodejs\;D:\cyh\software\install_location\nodejs\node_global;D:\cyh\software\install_location\Xshell7\;D:\cyh\software\install_location\微信web开发者工具\dll;D:\cyh\software\install_location\Gpg4win\..\GnuPG\bin;D:\cyh\software\install_location\python 3.7\Scripts\;D:\cyh\software\install_location\python 3.7\;D:\cyh\软件\安装位置\Scripts\;D:\cyh\软件\安装位置\;C:\Users\chenyihang\AppData\Local\Microsoft\WindowsApps;C:\Users\chenyihang\.dotnet\tools;D:\cyh\software\install_location\IntelliJ IDEA 2020.1\bin;;D:\cyh\software\install_location\Microsoft VS Code\bin;;."/>
    <property name="maven.conf" value="D:\cyh\software\install_location\javaEE\apache-maven-3.8.4/conf"/>
    <property name="java.specification.name" value="Java Platform API Specification"/>
    <property name="java.class.version" value="52.0"/>
    <property name="sun.management.compiler" value="HotSpot 64-Bit Tiered Compilers"/>
    <property name="maven.repo.local" value="D:\cyh\software\install_location\javaEE\myrepository"/>
    <property name="os.version" value="10.0"/>
    <property name="user.home" value="C:\Users\chenyihang"/>
    <property name="user.timezone" value="Asia/Shanghai"/>
    <property name="java.awt.printerjob" value="sun.awt.windows.WPrinterJob"/>
    <property name="java.specification.version" value="1.8"/>
    <property name="file.encoding" value="GB2312"/>
    <property name="user.name" value="chenyihang"/>
    <property name="java.class.path" value="D:\cyh\software\install_location\javaEE\apache-maven-3.8.4\boot\plexus-classworlds-2.6.0.jar;D:\cyh\software\install_location\javaEE\apache-maven-3.8.4\boot\plexus-classworlds.license;D:\cyh\software\install_location\IntelliJ IDEA 2020.1\lib\idea_rt.jar"/>
    <property name="java.vm.specification.version" value="1.8"/>
    <property name="sun.arch.data.model" value="64"/>
    <property name="java.home" value="C:\Users\chenyihang\.jdks\liberica-1.8.0_345\jre"/>
    <property name="sun.java.command" value="org.codehaus.classworlds.Launcher -Didea.version2020.1 -s D:\cyh\software\install_location\javaEE\apache-maven-3.8.4\conf\settings.xml -Dmaven.repo.local=D:\cyh\software\install_location\javaEE\myrepository install -P release"/>
    <property name="java.specification.vendor" value="Oracle Corporation"/>
    <property name="user.language" value="zh"/>
    <property name="awt.toolkit" value="sun.awt.windows.WToolkit"/>
    <property name="java.vm.info" value="mixed mode"/>
    <property name="java.version" value="1.8.0_345"/>
    <property name="java.ext.dirs" value="C:\Users\chenyihang\.jdks\liberica-1.8.0_345\jre\lib\ext;C:\WINDOWS\Sun\Java\lib\ext"/>
    <property name="sun.boot.class.path" value="C:\Users\chenyihang\.jdks\liberica-1.8.0_345\jre\lib\resources.jar;C:\Users\chenyihang\.jdks\liberica-1.8.0_345\jre\lib\rt.jar;C:\Users\chenyihang\.jdks\liberica-1.8.0_345\jre\lib\sunrsasign.jar;C:\Users\chenyihang\.jdks\liberica-1.8.0_345\jre\lib\jsse.jar;C:\Users\chenyihang\.jdks\liberica-1.8.0_345\jre\lib\jce.jar;C:\Users\chenyihang\.jdks\liberica-1.8.0_345\jre\lib\charsets.jar;C:\Users\chenyihang\.jdks\liberica-1.8.0_345\jre\lib\jfr.jar;C:\Users\chenyihang\.jdks\liberica-1.8.0_345\jre\classes"/>
    <property name="java.vendor" value="BellSoft"/>
    <property name="maven.home" value="D:\cyh\software\install_location\javaEE\apache-maven-3.8.4"/>
    <property name="file.separator" value="\"/>
    <property name="java.vendor.url.bug" value="https://bell-sw.com/support"/>
    <property name="sun.cpu.endian" value="little"/>
    <property name="sun.io.unicode.encoding" value="UnicodeLittle"/>
    <property name="sun.desktop" value="windows"/>
    <property name="sun.cpu.isalist" value="amd64"/>
  </properties>
</testsuite>